2026-02-12 12:58:24,377 INFO  com.zaxxer.hikari.HikariDataSource - HikariPool-1 - Starting...
2026-02-12 12:58:25,042 INFO  com.zaxxer.hikari.pool.HikariPool - HikariPool-1 - Added connection org.postgresql.jdbc.PgConnection@4e08711f
2026-02-12 12:58:25,043 INFO  com.zaxxer.hikari.HikariDataSource - HikariPool-1 - Start completed.
2026-02-12 12:58:32,368 INFO  com.employees.services.LoginService - login request recieved for id TEK1 
2026-02-12 12:58:51,004 INFO  com.zaxxer.hikari.HikariDataSource - HikariPool-1 - Starting...
2026-02-12 12:58:51,292 INFO  com.zaxxer.hikari.pool.HikariPool - HikariPool-1 - Added connection org.postgresql.jdbc.PgConnection@4e08711f
2026-02-12 12:58:51,308 INFO  com.zaxxer.hikari.HikariDataSource - HikariPool-1 - Start completed.
2026-02-12 12:59:11,586 INFO  com.employees.services.LoginService - login request recieved for id TEK9 
2026-02-12 12:59:11,634 WARN  com.employees.services.LoginService - Login failure for id TEK9
2026-02-12 12:59:20,384 INFO  com.zaxxer.hikari.HikariDataSource - HikariPool-1 - Starting...
2026-02-12 12:59:20,645 INFO  com.zaxxer.hikari.pool.HikariPool - HikariPool-1 - Added connection org.postgresql.jdbc.PgConnection@4e08711f
2026-02-12 12:59:20,646 INFO  com.zaxxer.hikari.HikariDataSource - HikariPool-1 - Start completed.
2026-02-12 12:59:23,074 INFO  com.employees.services.LoginService - login request recieved for id TEK1 
2026-02-12 12:59:24,955 INFO  com.employees.services.EmployeeService - fetch all employees request recieved
2026-02-12 12:59:25,005 INFO  com.employees.services.EmployeeService - fetch all the employees successfully
2026-02-12 12:59:52,472 INFO  com.zaxxer.hikari.HikariDataSource - HikariPool-1 - Starting...
2026-02-12 12:59:52,739 INFO  com.zaxxer.hikari.pool.HikariPool - HikariPool-1 - Added connection org.postgresql.jdbc.PgConnection@4e08711f
2026-02-12 12:59:52,740 INFO  com.zaxxer.hikari.HikariDataSource - HikariPool-1 - Start completed.
2026-02-12 12:59:55,987 INFO  com.employees.services.LoginService - login request recieved for id TEK1 
2026-02-12 13:00:49,704 INFO  com.employees.services.EmployeeService - add employee request recieved for name rohith
2026-02-12 13:00:49,755 INFO  com.employees.services.EmployeeService - employee added succesfully with name rohith
2026-02-12 13:01:01,909 INFO  com.zaxxer.hikari.HikariDataSource - HikariPool-1 - Starting...
2026-02-12 13:01:02,166 INFO  com.zaxxer.hikari.pool.HikariPool - HikariPool-1 - Added connection org.postgresql.jdbc.PgConnection@4e08711f
2026-02-12 13:01:02,168 INFO  com.zaxxer.hikari.HikariDataSource - HikariPool-1 - Start completed.
2026-02-12 13:01:47,548 INFO  com.employees.services.LoginService - login request recieved for id TEK21 
2026-02-12 13:02:00,093 INFO  com.employees.services.LoginService - login request recieved for id TEK1 
2026-02-12 13:02:14,800 INFO  com.employees.services.EmployeeService - assign role ADMIN request recieved for id TEK21 
2026-02-12 13:02:14,819 INFO  com.employees.services.EmployeeService - assign role ADMIN succesfully to id TEK21 
2026-02-12 13:02:22,419 INFO  com.employees.services.LoginService - login request recieved for id TEK21 
2026-02-12 13:02:55,650 INFO  com.employees.services.EmployeeService - revoke role ADMIN request recieved for id TEK21 
2026-02-12 13:02:55,676 INFO  com.employees.services.EmployeeService - revoke role ADMIN succesfully to id TEK21 
2026-02-12 13:05:00,716 INFO  com.employees.services.LoginService - login request recieved for id TEK1 
2026-02-12 13:05:07,272 INFO  com.employees.services.LoginService - login request recieved for id TEK21 
2026-02-12 13:05:50,763 INFO  com.employees.services.LoginService - login request recieved for id TEK1 
2026-02-12 13:05:59,187 INFO  com.employees.services.EmployeeService - assign role ADMIN request recieved for id TEK21 
2026-02-12 13:05:59,204 INFO  com.employees.services.EmployeeService - assign role ADMIN succesfully to id TEK21 
2026-02-12 13:06:38,008 INFO  com.employees.services.LoginService - login request recieved for id TEK21 
2026-02-12 13:06:43,273 INFO  com.employees.services.EmployeeService - delete employee request recieved for id TEK21
2026-02-12 13:06:43,292 INFO  com.employees.services.EmployeeService - Employee deleted succesfully for employee id TEK21
2026-02-12 13:06:50,699 INFO  com.employees.services.EmployeeService - fetch all employees request recieved
2026-02-12 13:06:50,708 INFO  com.employees.services.EmployeeService - fetch all the employees successfully
2026-02-12 13:07:04,611 INFO  com.employees.services.EmployeeService - fetch the employee request recieved for id TEK21 
2026-02-12 13:07:04,613 WARN  com.employees.services.EmployeeService - employee not found with id TEK21 
2026-02-12 14:50:08,652 INFO  com.zaxxer.hikari.HikariDataSource - HikariPool-1 - Starting...
2026-02-12 14:50:08,929 INFO  com.zaxxer.hikari.pool.HikariPool - HikariPool-1 - Added connection org.postgresql.jdbc.PgConnection@4e08711f
2026-02-12 14:50:08,931 INFO  com.zaxxer.hikari.HikariDataSource - HikariPool-1 - Start completed.
2026-02-12 14:50:14,772 INFO  com.employees.services.LoginService - login request recieved for id TEK1 
2026-02-12 14:50:18,038 INFO  com.employees.services.EmployeeService - fetch all employees request recieved
2026-02-12 14:50:18,047 INFO  com.employees.services.EmployeeService - fetch all the employees successfully
2026-02-12 14:50:32,528 INFO  com.employees.services.EmployeeService - assign role EMPLOYEE request recieved for id TEK20 
2026-02-12 14:50:32,533 INFO  com.employees.services.EmployeeService - assign role EMPLOYEE succesfully to id TEK20 
2026-02-12 14:50:42,730 INFO  com.employees.services.EmployeeService - fetch all employees request recieved
2026-02-12 14:50:42,737 INFO  com.employees.services.EmployeeService - fetch all the employees successfully
2026-02-12 14:51:08,706 INFO  com.zaxxer.hikari.HikariDataSource - HikariPool-1 - Starting...
2026-02-12 14:51:08,983 INFO  com.zaxxer.hikari.pool.HikariPool - HikariPool-1 - Added connection org.postgresql.jdbc.PgConnection@4e08711f
2026-02-12 14:51:08,984 INFO  com.zaxxer.hikari.HikariDataSource - HikariPool-1 - Start completed.
2026-02-12 14:51:12,304 INFO  com.employees.services.LoginService - login request recieved for id TEK1 
2026-02-12 14:51:22,114 INFO  com.employees.services.EmployeeService - assign role EMPLOYEE request recieved for id TEK20 
2026-02-12 14:51:22,145 ERROR com.employees.services.EmployeeService - Database error while assign the role for id TEK20 
2026-02-12 14:52:30,861 INFO  com.zaxxer.hikari.HikariDataSource - HikariPool-1 - Starting...
2026-02-12 14:52:31,165 INFO  com.zaxxer.hikari.pool.HikariPool - HikariPool-1 - Added connection org.postgresql.jdbc.PgConnection@4e08711f
2026-02-12 14:52:31,167 INFO  com.zaxxer.hikari.HikariDataSource - HikariPool-1 - Start completed.
2026-02-12 14:52:34,842 INFO  com.employees.services.LoginService - login request recieved for id TEK1 
2026-02-12 14:52:51,092 INFO  com.employees.services.EmployeeService - assign role EMPLOYEE request recieved for id TEK20 
2026-02-12 14:52:51,109 ERROR com.employees.services.EmployeeService - Database error while assign the role for id TEK20 
2026-02-12 14:57:49,245 INFO  com.zaxxer.hikari.HikariDataSource - HikariPool-1 - Starting...
2026-02-12 14:57:49,787 INFO  com.zaxxer.hikari.pool.HikariPool - HikariPool-1 - Added connection org.postgresql.jdbc.PgConnection@4e08711f
2026-02-12 14:57:49,790 INFO  com.zaxxer.hikari.HikariDataSource - HikariPool-1 - Start completed.
2026-02-12 14:57:53,553 INFO  com.employees.services.LoginService - login request recieved for id TEK1 
2026-02-12 14:58:08,434 INFO  com.employees.services.EmployeeService - assign role EMPLOYEE request recieved for id TEK20 
2026-02-12 14:58:08,449 ERROR com.employees.services.EmployeeService - Database error while assign the role for id TEK20 
2026-02-12 14:59:14,258 INFO  com.zaxxer.hikari.HikariDataSource - HikariPool-1 - Starting...
2026-02-12 14:59:14,553 INFO  com.zaxxer.hikari.pool.HikariPool - HikariPool-1 - Added connection org.postgresql.jdbc.PgConnection@4e08711f
2026-02-12 14:59:14,554 INFO  com.zaxxer.hikari.HikariDataSource - HikariPool-1 - Start completed.
2026-02-12 14:59:17,052 INFO  com.employees.services.LoginService - login request recieved for id TEK1 
2026-02-12 14:59:24,734 INFO  com.employees.services.EmployeeService - assign role EMPLOYEE request recieved for id TEK20 
2026-02-12 14:59:24,747 ERROR com.employees.services.EmployeeService - Database error while assign the role for id TEK20 
2026-02-12 15:23:48,972 INFO  com.zaxxer.hikari.HikariDataSource - HikariPool-1 - Starting...
2026-02-12 15:23:49,267 INFO  com.zaxxer.hikari.pool.HikariPool - HikariPool-1 - Added connection org.postgresql.jdbc.PgConnection@4e08711f
2026-02-12 15:23:49,268 INFO  com.zaxxer.hikari.HikariDataSource - HikariPool-1 - Start completed.
2026-02-12 15:23:52,462 INFO  com.employees.services.LoginService - login request recieved for id TEK1 
2026-02-12 15:23:52,484 WARN  com.employees.services.LoginService - Login failure for id TEK1
2026-02-12 15:24:04,027 INFO  com.employees.services.LoginService - login request recieved for id TEK1 
2026-02-12 15:24:40,852 INFO  com.employees.services.EmployeeService - add employee request recieved for name rineesha
2026-02-12 15:24:40,860 INFO  com.employees.services.EmployeeService - employee added succesfully with name rineesha
2026-02-12 15:24:44,114 INFO  com.employees.services.EmployeeService - fetch all employees request recieved
2026-02-12 15:24:44,120 INFO  com.employees.services.EmployeeService - fetch all the employees successfully
2026-02-12 17:07:24,131 WARN  com.zaxxer.hikari.pool.HikariPool - HikariPool-1 - Thread starvation or clock leap detected (housekeeper delta=2m3s172ms998µs200ns).
2026-02-12 22:21:47,232 WARN  com.zaxxer.hikari.pool.HikariPool - HikariPool-1 - Thread starvation or clock leap detected (housekeeper delta=4h48m52s720ms938µs800ns).
