2026-01-30 10:51:17,065 INFO  com.employees.services.EmployeeService - assign role ADMIN request recieved for id xyz 
2026-01-30 10:51:17,068 WARN  com.employees.services.EmployeeService - validation failed: invalid id for idxyz
2026-01-30 10:51:17,083 INFO  com.employees.services.EmployeeService - assign role Man1 request recieved for id TEK1 
2026-01-30 10:51:17,084 WARN  com.employees.services.EmployeeService - validation failed: invalid role for idMan1
2026-01-30 10:51:17,108 INFO  com.employees.services.EmployeeService - assign role ADMIN request recieved for id TEK1 
2026-01-30 10:51:17,112 INFO  com.employees.services.EmployeeService - assign role ADMIN succesfully to id TEK1 
2026-01-30 10:51:17,117 INFO  com.employees.services.EmployeeService - assign role EMPLOYEE request recieved for id TEK1 
2026-01-30 10:51:17,118 INFO  com.employees.services.EmployeeService - assign role EMPLOYEE succesfully to id TEK1 
2026-01-30 10:52:11,510 INFO  com.employees.services.EmployeeService - add employee request recieved for name Rohith
2026-01-30 10:52:11,527 INFO  com.employees.services.EmployeeService - employee added succesfully with name Rohith
2026-01-30 10:52:11,559 INFO  com.employees.services.EmployeeService - add employee request recieved for name Rohith
2026-01-30 10:52:11,559 WARN  com.employees.services.EmployeeService - validation failed: invalid email for name Rohith
2026-01-30 10:52:11,565 INFO  com.employees.services.EmployeeService - add employee request recieved for name Rohith
2026-01-30 10:52:11,565 WARN  com.employees.services.EmployeeService - validation failed: invalid role for name Rohith
2026-01-30 10:52:22,323 INFO  com.employees.services.EmployeeService - delete employee request recieved for id abc
2026-01-30 10:52:22,325 WARN  com.employees.services.EmployeeService - validation failed: invalid id for id abc
2026-01-30 10:52:22,359 INFO  com.employees.services.EmployeeService - delete employee request recieved for id TEK1
2026-01-30 10:52:22,363 WARN  com.employees.services.EmployeeService - employee not found with id TEK1 
2026-01-30 10:52:22,367 INFO  com.employees.services.EmployeeService - delete employee request recieved for id TEK1
2026-01-30 10:52:22,368 INFO  com.employees.services.EmployeeService - Employee deleted succesfully for employee id TEK1
2026-01-30 10:52:29,063 INFO  com.employees.services.EmployeeService - fetch the employee request recieved for id TEK12 
2026-01-30 10:52:29,069 WARN  com.employees.services.EmployeeService - employee not found with id TEK12 
2026-01-30 10:52:29,088 INFO  com.employees.services.EmployeeService - fetch the employee request recieved for id TEK1 
2026-01-30 10:52:29,088 INFO  com.employees.services.EmployeeService - fetch the employee successfully with id TEK1
2026-01-30 10:52:29,093 INFO  com.employees.services.EmployeeService - fetch the employee request recieved for id TEK12 
2026-01-30 10:52:29,094 INFO  com.employees.services.EmployeeService - fetch the employee successfully with id TEK12
2026-01-30 10:52:29,098 INFO  com.employees.services.EmployeeService - fetch the employee request recieved for id abc1 
2026-01-30 10:52:29,098 WARN  com.employees.services.EmployeeService - Validation error: Invalid id for id abc1 
2026-01-30 10:52:29,102 INFO  com.employees.services.EmployeeService - fetch the employee request recieved for id TEK10 
2026-01-30 10:52:29,103 INFO  com.employees.services.EmployeeService - fetch the employee successfully with id TEK10
2026-01-30 10:52:29,105 INFO  com.employees.services.EmployeeService - fetch the employee request recieved for id TEK2 
2026-01-30 10:52:29,106 WARN  com.employees.services.EmployeeService - Authorized error: user TEK1 tried to access employee with id TEK2 
2026-01-30 10:52:37,447 INFO  com.employees.services.LoginService - login request recieved for id TEK1 
2026-01-30 10:52:37,453 WARN  com.employees.services.LoginService - Login failure for id TEK1
2026-01-30 10:52:37,477 INFO  com.employees.services.LoginService - login request recieved for id TEK1 
2026-01-30 10:52:44,759 INFO  com.employees.services.LoginService - reset password request recieved for id TEK9 
2026-01-30 10:52:44,767 WARN  com.employees.services.LoginService - employee not found with id TEK9 
2026-01-30 10:52:44,787 INFO  com.employees.services.LoginService - reset password request recieved for id TEK1 
2026-01-30 10:52:44,788 INFO  com.employees.services.LoginService - reset password successfully for id TEK1 
2026-01-30 10:52:44,795 INFO  com.employees.services.LoginService - change password request recieved for id TEK1 
2026-01-30 10:52:44,796 INFO  com.employees.services.LoginService - change password successfully for id TEK1 
2026-01-30 10:52:44,800 INFO  com.employees.services.LoginService - change password request recieved for id xyz1 
2026-01-30 10:52:44,800 WARN  com.employees.services.LoginService - validation failed: invalid id for id xyz1
2026-01-30 10:52:44,805 INFO  com.employees.services.LoginService - change password request recieved for id xyz1 
2026-01-30 10:52:44,805 WARN  com.employees.services.LoginService - validation failed: invalid id for id xyz1
2026-01-30 10:52:51,911 INFO  com.employees.services.EmployeeService - update employee request recieved for id TEK1 
2026-01-30 10:52:51,914 WARN  com.employees.services.EmployeeService - validation failed: invalid email for id TEK1
2026-01-30 10:52:51,945 INFO  com.employees.services.EmployeeService - update employee request recieved for id TEK2 
2026-01-30 10:52:51,949 WARN  com.employees.services.EmployeeService - employee not found with id TEK2 
2026-01-30 10:52:51,954 INFO  com.employees.services.EmployeeService - update employee request recieved for id TEK12 
2026-01-30 10:52:51,954 WARN  com.employees.services.EmployeeService - Authorized error: user TEK1 tried to update employee with id TEK12 
2026-01-30 10:52:51,958 INFO  com.employees.services.EmployeeService - update employee request recieved for id TEK2 
2026-01-30 10:52:51,962 INFO  com.employees.services.EmployeeService - update employee request recieved for id TEK1 
2026-01-30 10:52:51,962 WARN  com.employees.services.EmployeeService - validation failed: invalid email for id TEK1
2026-01-30 10:53:39,520 INFO  com.employees.services.EmployeeService - update employee request recieved for id TEK1 
2026-01-30 10:53:39,523 WARN  com.employees.services.EmployeeService - validation failed: invalid email for id TEK1
2026-01-30 10:53:39,557 INFO  com.employees.services.EmployeeService - update employee request recieved for id TEK2 
2026-01-30 10:53:39,560 WARN  com.employees.services.EmployeeService - employee not found with id TEK2 
2026-01-30 10:53:39,564 INFO  com.employees.services.EmployeeService - update employee request recieved for id TEK12 
2026-01-30 10:53:39,564 WARN  com.employees.services.EmployeeService - Authorized error: user TEK1 tried to update employee with id TEK12 
2026-01-30 10:53:39,567 INFO  com.employees.services.EmployeeService - update employee request recieved for id TEK2 
2026-01-30 10:53:39,571 INFO  com.employees.services.EmployeeService - update employee request recieved for id TEK1 
2026-01-30 10:53:39,571 INFO  com.employees.services.EmployeeService - update employee successfully for id TEK1 
2026-01-30 15:27:58,510 INFO  com.employees.services.EmployeeService - update employee request recieved for id TEK1 
2026-01-30 15:27:58,515 WARN  com.employees.services.EmployeeService - validation failed: invalid email for id TEK1
2026-01-30 15:27:58,514 INFO  com.employees.services.EmployeeService - update employee request recieved for id TEK1 
2026-01-30 15:27:58,517 WARN  com.employees.services.EmployeeService - validation failed: invalid email for id TEK1
2026-01-30 15:27:58,569 INFO  com.employees.services.EmployeeService - update employee request recieved for id TEK2 
2026-01-30 15:27:58,570 INFO  com.employees.services.EmployeeService - update employee request recieved for id TEK2 
2026-01-30 15:27:58,575 WARN  com.employees.services.EmployeeService - employee not found with id TEK2 
2026-01-30 15:27:58,578 WARN  com.employees.services.EmployeeService - employee not found with id TEK2 
2026-01-30 15:27:58,582 INFO  com.employees.services.EmployeeService - update employee request recieved for id TEK12 
2026-01-30 15:27:58,583 WARN  com.employees.services.EmployeeService - Authorized error: user TEK1 tried to update employee with id TEK12 
2026-01-30 15:27:58,583 INFO  com.employees.services.EmployeeService - update employee request recieved for id TEK12 
2026-01-30 15:27:58,584 WARN  com.employees.services.EmployeeService - Authorized error: user TEK1 tried to update employee with id TEK12 
2026-01-30 15:27:58,587 INFO  com.employees.services.EmployeeService - update employee request recieved for id TEK2 
2026-01-30 15:27:58,589 INFO  com.employees.services.EmployeeService - update employee request recieved for id TEK2 
2026-01-30 15:27:58,594 INFO  com.employees.services.EmployeeService - update employee request recieved for id TEK1 
2026-01-30 15:27:58,594 INFO  com.employees.services.EmployeeService - update employee request recieved for id TEK1 
2026-01-30 15:27:58,595 INFO  com.employees.services.EmployeeService - update employee successfully for id TEK1 
2026-01-30 15:27:58,595 INFO  com.employees.services.EmployeeService - update employee successfully for id TEK1 
